<?xml version="1.0" encoding="UTF-8"?>
<!-- Generated by org.testng.reporters.JUnitXMLReporter -->
<testsuite hostname="LAPTOP-5HL70CFF" ignored="0" name="Test" tests="1" failures="1" timestamp="2022-09-06T23:15:43 EDT" time="6.1" errors="0">
  <testcase name="TC001_Login_Test_with_positive_scenario" time="2.729" classname="com.demobanking.testcase.Login_Test">
    <failure type="java.lang.AssertionError" message="expected [true] but found [false]">
      <![CDATA[java.lang.AssertionError: expected [true] but found [false]
at com.demobanking.testcase.Login_Test.TC001_Login_Test_with_positive_scenario(Login_Test.java:31)
at java.util.ArrayList.forEach(ArrayList.java:1259)
... Removed 31 stack frames]]>
    </failure>
  </testcase> <!-- TC001_Login_Test_with_positive_scenario -->
</testsuite> <!-- Test -->
