<?xml version="1.0" encoding="UTF-8"?>
<!-- Generated by org.testng.reporters.JUnitXMLReporter -->
<testsuite hostname="LAPTOP-5HL70CFF" ignored="1" name="loginTest" tests="1" failures="0" timestamp="2022-09-23T22:52:38 EDT" time="5.822" errors="0">
  <testcase name="TC001_user_login_with_valid_credential" time="3.204" classname="com.demobanking.testcase.Login_Test"/>
  <testcase name="TC002_user_login_with_valid_and_invalid_credential" time="0.0" classname="com.demobanking.testcase.Login_Test">
    <ignored/>
  </testcase> <!-- TC002_user_login_with_valid_and_invalid_credential -->
</testsuite> <!-- loginTest -->
